build/app/intermediates/manifest_merge_blame_file/release/manifest-merger-blame-release-report.txt
1<?xml version="1.0" encoding="utf-8"?>
2<manifest xmlns:android="http://schemas.android.com/apk/res/android"
3    package="com.numerology.yantra"
4    android:versionCode="1"
5    android:versionName="1.0.0" >
6
7    <uses-sdk
8        android:minSdkVersion="19"
8-->src\main\AndroidManifest.xml
9        android:targetSdkVersion="31" />
9-->src\main\AndroidManifest.xml
10
11    <uses-permission android:name="android.permission.INTERNET" />
11-->[:firebase_messaging] AndroidManifest.xml:9:5-67
11-->[:firebase_messaging] AndroidManifest.xml:9:22-64
12    <uses-permission android:name="android.permission.WAKE_LOCK" />
12-->[:firebase_messaging] AndroidManifest.xml:10:5-68
12-->[:firebase_messaging] AndroidManifest.xml:10:22-65
13    <uses-permission android:name="android.permission.ACCESS_NETWORK_STATE" />
13-->[:firebase_messaging] AndroidManifest.xml:11:5-79
13-->[:firebase_messaging] AndroidManifest.xml:11:22-76
14    <uses-permission android:name="android.permission.POST_NOTIFICATIONS" /> <!-- Required by older versions of Google Play services to create IID tokens -->
14-->[com.google.firebase:firebase-messaging:23.0.6] AndroidManifest.xml:26:5-77
14-->[com.google.firebase:firebase-messaging:23.0.6] AndroidManifest.xml:26:22-74
15    <uses-permission android:name="com.google.android.c2dm.permission.RECEIVE" />
15-->[com.google.firebase:firebase-messaging:23.0.6] AndroidManifest.xml:29:5-82
15-->[com.google.firebase:firebase-messaging:23.0.6] AndroidManifest.xml:29:22-79
16
17    <application
18        android:name="android.app.Application"
18-->src\main\AndroidManifest.xml:7:9-42
19        android:appComponentFactory="androidx.core.app.CoreComponentFactory"
19-->[androidx.core:core:1.6.0] AndroidManifest.xml:24:18-86
20        android:icon="@mipmap/ic_launcher"
20-->src\main\AndroidManifest.xml:8:9-43
21        android:label="Magical Square" >
21-->src\main\AndroidManifest.xml:5:9-39
22        <activity
22-->src\main\AndroidManifest.xml:10:9-30:20
23            android:name="com.numerology.yantra.MainActivity"
23-->src\main\AndroidManifest.xml:11:13-41
24            android:configChanges="orientation|keyboardHidden|keyboard|screenSize|smallestScreenSize|locale|layoutDirection|fontScale|screenLayout|density|uiMode"
24-->src\main\AndroidManifest.xml:15:13-163
25            android:exported="true"
25-->src\main\AndroidManifest.xml:12:13-36
26            android:hardwareAccelerated="true"
26-->src\main\AndroidManifest.xml:16:13-47
27            android:launchMode="singleTop"
27-->src\main\AndroidManifest.xml:13:13-43
28            android:theme="@style/LaunchTheme"
28-->src\main\AndroidManifest.xml:14:13-47
29            android:windowSoftInputMode="adjustResize" >
29-->src\main\AndroidManifest.xml:17:13-55
30
31            <!--
32                 Specifies an Android theme to apply to this Activity as soon as
33                 the Android process has started. This theme is visible to the user
34                 while the Flutter UI initializes. After that, this theme continues
35                 to determine the Window background behind the Flutter UI.
36            -->
37            <meta-data
37-->src\main\AndroidManifest.xml:22:13-25:17
38                android:name="io.flutter.embedding.android.NormalTheme"
38-->src\main\AndroidManifest.xml:23:15-70
39                android:resource="@style/NormalTheme" />
39-->src\main\AndroidManifest.xml:24:15-52
40
41            <intent-filter>
41-->src\main\AndroidManifest.xml:26:13-29:29
42                <action android:name="android.intent.action.MAIN" />
42-->src\main\AndroidManifest.xml:27:17-68
42-->src\main\AndroidManifest.xml:27:25-66
43
44                <category android:name="android.intent.category.LAUNCHER" />
44-->src\main\AndroidManifest.xml:28:17-76
44-->src\main\AndroidManifest.xml:28:27-74
45            </intent-filter>
46        </activity>
47        <!--
48             Don't delete the meta-data below.
49             This is used by the Flutter tool to generate GeneratedPluginRegistrant.java
50        -->
51        <meta-data
51-->src\main\AndroidManifest.xml:33:9-35:33
52            android:name="flutterEmbedding"
52-->src\main\AndroidManifest.xml:34:13-44
53            android:value="2" />
53-->src\main\AndroidManifest.xml:35:13-30
54
55        <service
55-->[:firebase_auth] AndroidManifest.xml:10:9-14:19
56            android:name="com.google.firebase.components.ComponentDiscoveryService"
56-->[:firebase_auth] AndroidManifest.xml:10:18-89
57            android:directBootAware="true"
57-->[com.google.firebase:firebase-common:20.1.1] AndroidManifest.xml:35:13-43
58            android:exported="false" >
58-->[com.google.firebase:firebase-auth:21.0.6] AndroidManifest.xml:66:13-37
59            <meta-data
59-->[:firebase_auth] AndroidManifest.xml:11:13-13:85
60                android:name="com.google.firebase.components:io.flutter.plugins.firebase.auth.FlutterFirebaseAuthRegistrar"
60-->[:firebase_auth] AndroidManifest.xml:12:17-124
61                android:value="com.google.firebase.components.ComponentRegistrar" />
61-->[:firebase_auth] AndroidManifest.xml:13:17-82
62            <meta-data
62-->[:firebase_messaging] AndroidManifest.xml:36:13-38:85
63                android:name="com.google.firebase.components:io.flutter.plugins.firebase.messaging.FlutterFirebaseAppRegistrar"
63-->[:firebase_messaging] AndroidManifest.xml:37:17-128
64                android:value="com.google.firebase.components.ComponentRegistrar" />
64-->[:firebase_messaging] AndroidManifest.xml:38:17-82
65            <meta-data
65-->[:firebase_core] AndroidManifest.xml:11:13-13:85
66                android:name="com.google.firebase.components:io.flutter.plugins.firebase.core.FlutterFirebaseCoreRegistrar"
66-->[:firebase_core] AndroidManifest.xml:12:17-124
67                android:value="com.google.firebase.components.ComponentRegistrar" />
67-->[:firebase_core] AndroidManifest.xml:13:17-82
68            <meta-data
68-->[com.google.firebase:firebase-auth:21.0.6] AndroidManifest.xml:67:13-69:85
69                android:name="com.google.firebase.components:com.google.firebase.auth.FirebaseAuthRegistrar"
69-->[com.google.firebase:firebase-auth:21.0.6] AndroidManifest.xml:68:17-109
70                android:value="com.google.firebase.components.ComponentRegistrar" />
70-->[com.google.firebase:firebase-auth:21.0.6] AndroidManifest.xml:69:17-82
71            <meta-data
71-->[com.google.firebase:firebase-messaging:23.0.6] AndroidManifest.xml:56:13-58:85
72                android:name="com.google.firebase.components:com.google.firebase.messaging.FirebaseMessagingRegistrar"
72-->[com.google.firebase:firebase-messaging:23.0.6] AndroidManifest.xml:57:17-119
73                android:value="com.google.firebase.components.ComponentRegistrar" />
73-->[com.google.firebase:firebase-messaging:23.0.6] AndroidManifest.xml:58:17-82
74            <meta-data
74-->[com.google.firebase:firebase-datatransport:18.1.5] AndroidManifest.xml:28:13-30:85
75                android:name="com.google.firebase.components:com.google.firebase.datatransport.TransportRegistrar"
75-->[com.google.firebase:firebase-datatransport:18.1.5] AndroidManifest.xml:29:17-115
76                android:value="com.google.firebase.components.ComponentRegistrar" />
76-->[com.google.firebase:firebase-datatransport:18.1.5] AndroidManifest.xml:30:17-82
77            <meta-data
77-->[com.google.firebase:firebase-installations:17.0.1] AndroidManifest.xml:18:13-20:85
78                android:name="com.google.firebase.components:com.google.firebase.installations.FirebaseInstallationsRegistrar"
78-->[com.google.firebase:firebase-installations:17.0.1] AndroidManifest.xml:19:17-127
79                android:value="com.google.firebase.components.ComponentRegistrar" />
79-->[com.google.firebase:firebase-installations:17.0.1] AndroidManifest.xml:20:17-82
80        </service>
81        <service
81-->[:firebase_messaging] AndroidManifest.xml:14:9-17:72
82            android:name="io.flutter.plugins.firebase.messaging.FlutterFirebaseMessagingBackgroundService"
82-->[:firebase_messaging] AndroidManifest.xml:15:13-107
83            android:exported="false"
83-->[:firebase_messaging] AndroidManifest.xml:16:13-37
84            android:permission="android.permission.BIND_JOB_SERVICE" />
84-->[:firebase_messaging] AndroidManifest.xml:17:13-69
85        <service
85-->[:firebase_messaging] AndroidManifest.xml:18:9-24:19
86            android:name="io.flutter.plugins.firebase.messaging.FlutterFirebaseMessagingService"
86-->[:firebase_messaging] AndroidManifest.xml:19:13-97
87            android:exported="false" >
87-->[:firebase_messaging] AndroidManifest.xml:20:13-37
88            <intent-filter>
88-->[:firebase_messaging] AndroidManifest.xml:21:13-23:29
89                <action android:name="com.google.firebase.MESSAGING_EVENT" />
89-->[:firebase_messaging] AndroidManifest.xml:22:17-78
89-->[:firebase_messaging] AndroidManifest.xml:22:25-75
90            </intent-filter>
91        </service>
92
93        <receiver
93-->[:firebase_messaging] AndroidManifest.xml:26:9-33:20
94            android:name="io.flutter.plugins.firebase.messaging.FlutterFirebaseMessagingReceiver"
94-->[:firebase_messaging] AndroidManifest.xml:27:13-98
95            android:exported="true"
95-->[:firebase_messaging] AndroidManifest.xml:28:13-36
96            android:permission="com.google.android.c2dm.permission.SEND" >
96-->[:firebase_messaging] AndroidManifest.xml:29:13-73
97            <intent-filter>
97-->[:firebase_messaging] AndroidManifest.xml:30:13-32:29
98                <action android:name="com.google.android.c2dm.intent.RECEIVE" />
98-->[:firebase_messaging] AndroidManifest.xml:31:17-81
98-->[:firebase_messaging] AndroidManifest.xml:31:25-78
99            </intent-filter>
100        </receiver>
101
102        <provider
102-->[:firebase_messaging] AndroidManifest.xml:41:9-45:38
103            android:name="io.flutter.plugins.firebase.messaging.FlutterFirebaseMessagingInitProvider"
103-->[:firebase_messaging] AndroidManifest.xml:42:13-102
104            android:authorities="com.numerology.yantra.flutterfirebasemessaginginitprovider"
104-->[:firebase_messaging] AndroidManifest.xml:43:13-88
105            android:exported="false"
105-->[:firebase_messaging] AndroidManifest.xml:44:13-37
106            android:initOrder="99" />
106-->[:firebase_messaging] AndroidManifest.xml:45:13-35
107
108        <uses-library
108-->[androidx.window:window:1.0.0-beta04] AndroidManifest.xml:25:9-27:40
109            android:name="androidx.window.extensions"
109-->[androidx.window:window:1.0.0-beta04] AndroidManifest.xml:26:13-54
110            android:required="false" />
110-->[androidx.window:window:1.0.0-beta04] AndroidManifest.xml:27:13-37
111        <uses-library
111-->[androidx.window:window:1.0.0-beta04] AndroidManifest.xml:28:9-30:40
112            android:name="androidx.window.sidecar"
112-->[androidx.window:window:1.0.0-beta04] AndroidManifest.xml:29:13-51
113            android:required="false" />
113-->[androidx.window:window:1.0.0-beta04] AndroidManifest.xml:30:13-37
114
115        <activity
115-->[com.google.firebase:firebase-auth:21.0.6] AndroidManifest.xml:27:9-44:20
116            android:name="com.google.firebase.auth.internal.GenericIdpActivity"
116-->[com.google.firebase:firebase-auth:21.0.6] AndroidManifest.xml:28:13-80
117            android:excludeFromRecents="true"
117-->[com.google.firebase:firebase-auth:21.0.6] AndroidManifest.xml:29:13-46
118            android:exported="true"
118-->[com.google.firebase:firebase-auth:21.0.6] AndroidManifest.xml:30:13-36
119            android:launchMode="singleTask"
119-->[com.google.firebase:firebase-auth:21.0.6] AndroidManifest.xml:31:13-44
120            android:theme="@android:style/Theme.Translucent.NoTitleBar" >
120-->[com.google.firebase:firebase-auth:21.0.6] AndroidManifest.xml:32:13-72
121            <intent-filter>
121-->[com.google.firebase:firebase-auth:21.0.6] AndroidManifest.xml:33:13-43:29
122                <action android:name="android.intent.action.VIEW" />
122-->[com.google.firebase:firebase-auth:21.0.6] AndroidManifest.xml:34:17-69
122-->[com.google.firebase:firebase-auth:21.0.6] AndroidManifest.xml:34:25-66
123
124                <category android:name="android.intent.category.DEFAULT" />
124-->[com.google.firebase:firebase-auth:21.0.6] AndroidManifest.xml:36:17-76
124-->[com.google.firebase:firebase-auth:21.0.6] AndroidManifest.xml:36:27-73
125                <category android:name="android.intent.category.BROWSABLE" />
125-->[com.google.firebase:firebase-auth:21.0.6] AndroidManifest.xml:37:17-78
125-->[com.google.firebase:firebase-auth:21.0.6] AndroidManifest.xml:37:27-75
126
127                <data
127-->[com.google.firebase:firebase-auth:21.0.6] AndroidManifest.xml:39:17-42:51
128                    android:host="firebase.auth"
128-->[com.google.firebase:firebase-auth:21.0.6] AndroidManifest.xml:40:21-49
129                    android:path="/"
129-->[com.google.firebase:firebase-auth:21.0.6] AndroidManifest.xml:41:21-37
130                    android:scheme="genericidp" />
130-->[com.google.firebase:firebase-auth:21.0.6] AndroidManifest.xml:42:21-48
131            </intent-filter>
132        </activity>
133        <activity
133-->[com.google.firebase:firebase-auth:21.0.6] AndroidManifest.xml:45:9-62:20
134            android:name="com.google.firebase.auth.internal.RecaptchaActivity"
134-->[com.google.firebase:firebase-auth:21.0.6] AndroidManifest.xml:46:13-79
135            android:excludeFromRecents="true"
135-->[com.google.firebase:firebase-auth:21.0.6] AndroidManifest.xml:47:13-46
136            android:exported="true"
136-->[com.google.firebase:firebase-auth:21.0.6] AndroidManifest.xml:48:13-36
137            android:launchMode="singleTask"
137-->[com.google.firebase:firebase-auth:21.0.6] AndroidManifest.xml:49:13-44
138            android:theme="@android:style/Theme.Translucent.NoTitleBar" >
138-->[com.google.firebase:firebase-auth:21.0.6] AndroidManifest.xml:50:13-72
139            <intent-filter>
139-->[com.google.firebase:firebase-auth:21.0.6] AndroidManifest.xml:51:13-61:29
140                <action android:name="android.intent.action.VIEW" />
140-->[com.google.firebase:firebase-auth:21.0.6] AndroidManifest.xml:34:17-69
140-->[com.google.firebase:firebase-auth:21.0.6] AndroidManifest.xml:34:25-66
141
142                <category android:name="android.intent.category.DEFAULT" />
142-->[com.google.firebase:firebase-auth:21.0.6] AndroidManifest.xml:36:17-76
142-->[com.google.firebase:firebase-auth:21.0.6] AndroidManifest.xml:36:27-73
143                <category android:name="android.intent.category.BROWSABLE" />
143-->[com.google.firebase:firebase-auth:21.0.6] AndroidManifest.xml:37:17-78
143-->[com.google.firebase:firebase-auth:21.0.6] AndroidManifest.xml:37:27-75
144
145                <data
145-->[com.google.firebase:firebase-auth:21.0.6] AndroidManifest.xml:39:17-42:51
146                    android:host="firebase.auth"
146-->[com.google.firebase:firebase-auth:21.0.6] AndroidManifest.xml:40:21-49
147                    android:path="/"
147-->[com.google.firebase:firebase-auth:21.0.6] AndroidManifest.xml:41:21-37
148                    android:scheme="recaptcha" />
148-->[com.google.firebase:firebase-auth:21.0.6] AndroidManifest.xml:42:21-48
149            </intent-filter>
150        </activity>
151
152        <receiver
152-->[com.google.firebase:firebase-messaging:23.0.6] AndroidManifest.xml:32:9-39:20
153            android:name="com.google.firebase.iid.FirebaseInstanceIdReceiver"
153-->[com.google.firebase:firebase-messaging:23.0.6] AndroidManifest.xml:33:13-78
154            android:exported="true"
154-->[com.google.firebase:firebase-messaging:23.0.6] AndroidManifest.xml:34:13-36
155            android:permission="com.google.android.c2dm.permission.SEND" >
155-->[com.google.firebase:firebase-messaging:23.0.6] AndroidManifest.xml:35:13-73
156            <intent-filter>
156-->[:firebase_messaging] AndroidManifest.xml:30:13-32:29
157                <action android:name="com.google.android.c2dm.intent.RECEIVE" />
157-->[:firebase_messaging] AndroidManifest.xml:31:17-81
157-->[:firebase_messaging] AndroidManifest.xml:31:25-78
158            </intent-filter>
159        </receiver>
160        <!--
161             FirebaseMessagingService performs security checks at runtime,
162             but set to not exported to explicitly avoid allowing another app to call it.
163        -->
164        <service
164-->[com.google.firebase:firebase-messaging:23.0.6] AndroidManifest.xml:45:9-52:19
165            android:name="com.google.firebase.messaging.FirebaseMessagingService"
165-->[com.google.firebase:firebase-messaging:23.0.6] AndroidManifest.xml:46:13-82
166            android:directBootAware="true"
166-->[com.google.firebase:firebase-messaging:23.0.6] AndroidManifest.xml:47:13-43
167            android:exported="false" >
167-->[com.google.firebase:firebase-messaging:23.0.6] AndroidManifest.xml:48:13-37
168            <intent-filter android:priority="-500" >
168-->[:firebase_messaging] AndroidManifest.xml:21:13-23:29
169                <action android:name="com.google.firebase.MESSAGING_EVENT" />
169-->[:firebase_messaging] AndroidManifest.xml:22:17-78
169-->[:firebase_messaging] AndroidManifest.xml:22:25-75
170            </intent-filter>
171        </service>
172
173        <provider
173-->[com.google.firebase:firebase-common:20.1.1] AndroidManifest.xml:26:9-31:39
174            android:name="com.google.firebase.provider.FirebaseInitProvider"
174-->[com.google.firebase:firebase-common:20.1.1] AndroidManifest.xml:27:13-77
175            android:authorities="com.numerology.yantra.firebaseinitprovider"
175-->[com.google.firebase:firebase-common:20.1.1] AndroidManifest.xml:28:13-72
176            android:directBootAware="true"
176-->[com.google.firebase:firebase-common:20.1.1] AndroidManifest.xml:29:13-43
177            android:exported="false"
177-->[com.google.firebase:firebase-common:20.1.1] AndroidManifest.xml:30:13-37
178            android:initOrder="100" />
178-->[com.google.firebase:firebase-common:20.1.1] AndroidManifest.xml:31:13-36
179
180        <activity
180-->[com.google.android.gms:play-services-base:18.0.1] AndroidManifest.xml:20:9-22:45
181            android:name="com.google.android.gms.common.api.GoogleApiActivity"
181-->[com.google.android.gms:play-services-base:18.0.1] AndroidManifest.xml:20:19-85
182            android:exported="false"
182-->[com.google.android.gms:play-services-base:18.0.1] AndroidManifest.xml:22:19-43
183            android:theme="@android:style/Theme.Translucent.NoTitleBar" />
183-->[com.google.android.gms:play-services-base:18.0.1] AndroidManifest.xml:21:19-78
184
185        <meta-data
185-->[com.google.android.gms:play-services-basement:18.0.0] AndroidManifest.xml:21:9-23:69
186            android:name="com.google.android.gms.version"
186-->[com.google.android.gms:play-services-basement:18.0.0] AndroidManifest.xml:22:13-58
187            android:value="@integer/google_play_services_version" />
187-->[com.google.android.gms:play-services-basement:18.0.0] AndroidManifest.xml:23:13-66
188
189        <service
189-->[com.google.android.datatransport:transport-backend-cct:3.1.6] AndroidManifest.xml:29:9-35:19
190            android:name="com.google.android.datatransport.runtime.backends.TransportBackendDiscovery"
190-->[com.google.android.datatransport:transport-backend-cct:3.1.6] AndroidManifest.xml:30:13-103
191            android:exported="false" >
191-->[com.google.android.datatransport:transport-backend-cct:3.1.6] AndroidManifest.xml:31:13-37
192            <meta-data
192-->[com.google.android.datatransport:transport-backend-cct:3.1.6] AndroidManifest.xml:32:13-34:39
193                android:name="backend:com.google.android.datatransport.cct.CctBackendFactory"
193-->[com.google.android.datatransport:transport-backend-cct:3.1.6] AndroidManifest.xml:33:17-94
194                android:value="cct" />
194-->[com.google.android.datatransport:transport-backend-cct:3.1.6] AndroidManifest.xml:34:17-36
195        </service>
196        <service
196-->[com.google.android.datatransport:transport-runtime:3.1.6] AndroidManifest.xml:26:9-30:19
197            android:name="com.google.android.datatransport.runtime.scheduling.jobscheduling.JobInfoSchedulerService"
197-->[com.google.android.datatransport:transport-runtime:3.1.6] AndroidManifest.xml:27:13-117
198            android:exported="false"
198-->[com.google.android.datatransport:transport-runtime:3.1.6] AndroidManifest.xml:28:13-37
199            android:permission="android.permission.BIND_JOB_SERVICE" >
199-->[com.google.android.datatransport:transport-runtime:3.1.6] AndroidManifest.xml:29:13-69
200        </service>
201
202        <receiver
202-->[com.google.android.datatransport:transport-runtime:3.1.6] AndroidManifest.xml:32:9-34:40
203            android:name="com.google.android.datatransport.runtime.scheduling.jobscheduling.AlarmManagerSchedulerBroadcastReceiver"
203-->[com.google.android.datatransport:transport-runtime:3.1.6] AndroidManifest.xml:33:13-132
204            android:exported="false" />
204-->[com.google.android.datatransport:transport-runtime:3.1.6] AndroidManifest.xml:34:13-37
205    </application>
206
207</manifest>